<?xml version="1.0" encoding="UTF-8"?>
<coverage generated="1538771705892" clover="3.2.0">
  <project timestamp="1538771705893" name="All files">
    <metrics statements="34" coveredstatements="34" conditionals="6" coveredconditionals="5" methods="12" coveredmethods="11" elements="52" coveredelements="50" complexity="0" loc="34" ncloc="34" packages="2" files="2" classes="2">
      <package name="reducers">
        <metrics statements="14" coveredstatements="14" conditionals="0" coveredconditionals="0" methods="9" coveredmethods="8"/>
        <file name="user.js" path="/home/jay/Current_Projects/react-native-boilerplate/app/reducers/user.js">
          <metrics statements="14" coveredstatements="14" conditionals="0" coveredconditionals="0" methods="9" coveredmethods="8"/>
          <line num="4" count="2" type="stmt"/>
          <line num="18" count="2" type="stmt"/>
          <line num="24" count="2" type="stmt"/>
          <line num="27" count="2" type="stmt"/>
          <line num="28" count="2" type="stmt"/>
          <line num="29" count="1" type="stmt"/>
          <line num="30" count="2" type="stmt"/>
          <line num="35" count="2" type="stmt"/>
          <line num="36" count="2" type="stmt"/>
          <line num="37" count="1" type="stmt"/>
          <line num="38" count="2" type="stmt"/>
          <line num="43" count="2" type="stmt"/>
          <line num="44" count="2" type="stmt"/>
          <line num="46" count="2" type="stmt"/>
        </file>
      </package>
      <package name="sagas">
        <metrics statements="20" coveredstatements="20" conditionals="6" coveredconditionals="5" methods="3" coveredmethods="3"/>
        <file name="userSagas.js" path="/home/jay/Current_Projects/react-native-boilerplate/app/sagas/userSagas.js">
          <metrics statements="20" coveredstatements="20" conditionals="6" coveredconditionals="5" methods="3" coveredmethods="3"/>
          <line num="6" count="2" type="stmt"/>
          <line num="8" count="2" type="cond" truecount="2" falsecount="0"/>
          <line num="9" count="1" type="stmt"/>
          <line num="10" count="1" type="stmt"/>
          <line num="11" count="1" type="stmt"/>
          <line num="13" count="1" type="stmt"/>
          <line num="15" count="1" type="stmt"/>
          <line num="17" count="1" type="stmt"/>
          <line num="22" count="2" type="stmt"/>
          <line num="24" count="2" type="cond" truecount="2" falsecount="0"/>
          <line num="25" count="1" type="stmt"/>
          <line num="26" count="1" type="stmt"/>
          <line num="27" count="1" type="stmt"/>
          <line num="29" count="1" type="stmt"/>
          <line num="31" count="1" type="stmt"/>
          <line num="32" count="1" type="stmt"/>
          <line num="34" count="1" type="stmt"/>
          <line num="39" count="1" type="stmt"/>
          <line num="41" count="1" type="cond" truecount="1" falsecount="1"/>
          <line num="42" count="1" type="stmt"/>
        </file>
      </package>
    </metrics>
  </project>
</coverage>
