{"/home/jay/Current_Projects/react-native-boilerplate/app/reducers/user.js": {"path":"/home/jay/Current_Projects/react-native-boilerplate/app/reducers/user.js","statementMap":{"0":{"start":{"line":4,"column":28},"end":{"line":13,"column":2}},"1":{"start":{"line":18,"column":29},"end":{"line":22,"column":2}},"2":{"start":{"line":24,"column":31},"end":{"line":25,"column":2}},"3":{"start":{"line":24,"column":37},"end":{"line":25,"column":2}},"4":{"start":{"line":27,"column":33},"end":{"line":27,"column":94}},"5":{"start":{"line":27,"column":44},"end":{"line":27,"column":94}},"6":{"start":{"line":28,"column":33},"end":{"line":29,"column":63}},"7":{"start":{"line":29,"column":2},"end":{"line":29,"column":63}},"8":{"start":{"line":30,"column":31},"end":{"line":33,"column":2}},"9":{"start":{"line":30,"column":60},"end":{"line":33,"column":2}},"10":{"start":{"line":35,"column":33},"end":{"line":35,"column":94}},"11":{"start":{"line":35,"column":44},"end":{"line":35,"column":94}},"12":{"start":{"line":36,"column":33},"end":{"line":37,"column":85}},"13":{"start":{"line":37,"column":2},"end":{"line":37,"column":85}},"14":{"start":{"line":38,"column":31},"end":{"line":41,"column":2}},"15":{"start":{"line":38,"column":60},"end":{"line":41,"column":2}},"16":{"start":{"line":43,"column":34},"end":{"line":43,"column":75}},"17":{"start":{"line":43,"column":45},"end":{"line":43,"column":75}},"18":{"start":{"line":44,"column":34},"end":{"line":44,"column":118}},"19":{"start":{"line":44,"column":45},"end":{"line":44,"column":118}},"20":{"start":{"line":46,"column":23},"end":{"line":55,"column":2}}},"fnMap":{"0":{"name":"(anonymous_0)","decl":{"start":{"line":24,"column":31},"end":{"line":24,"column":32}},"loc":{"start":{"line":24,"column":37},"end":{"line":25,"column":2}},"line":24},"1":{"name":"(anonymous_1)","decl":{"start":{"line":27,"column":33},"end":{"line":27,"column":34}},"loc":{"start":{"line":27,"column":44},"end":{"line":27,"column":94}},"line":27},"2":{"name":"(anonymous_2)","decl":{"start":{"line":28,"column":33},"end":{"line":28,"column":34}},"loc":{"start":{"line":29,"column":2},"end":{"line":29,"column":63}},"line":29},"3":{"name":"(anonymous_3)","decl":{"start":{"line":30,"column":31},"end":{"line":30,"column":32}},"loc":{"start":{"line":30,"column":60},"end":{"line":33,"column":2}},"line":30},"4":{"name":"(anonymous_4)","decl":{"start":{"line":35,"column":33},"end":{"line":35,"column":34}},"loc":{"start":{"line":35,"column":44},"end":{"line":35,"column":94}},"line":35},"5":{"name":"(anonymous_5)","decl":{"start":{"line":36,"column":33},"end":{"line":36,"column":34}},"loc":{"start":{"line":37,"column":2},"end":{"line":37,"column":85}},"line":37},"6":{"name":"(anonymous_6)","decl":{"start":{"line":38,"column":31},"end":{"line":38,"column":32}},"loc":{"start":{"line":38,"column":60},"end":{"line":41,"column":2}},"line":38},"7":{"name":"(anonymous_7)","decl":{"start":{"line":43,"column":34},"end":{"line":43,"column":35}},"loc":{"start":{"line":43,"column":45},"end":{"line":43,"column":75}},"line":43},"8":{"name":"(anonymous_8)","decl":{"start":{"line":44,"column":34},"end":{"line":44,"column":35}},"loc":{"start":{"line":44,"column":45},"end":{"line":44,"column":118}},"line":44}},"branchMap":{},"s":{"0":2,"1":2,"2":2,"3":0,"4":2,"5":1,"6":2,"7":1,"8":2,"9":1,"10":2,"11":1,"12":2,"13":1,"14":2,"15":1,"16":2,"17":1,"18":2,"19":1,"20":2},"f":{"0":0,"1":1,"2":1,"3":1,"4":1,"5":1,"6":1,"7":1,"8":1},"b":{},"_coverageSchema":"332fd63041d2c1bcb487cc26dd0d5f7d97098a6c","hash":"4c1d96a93494c2b8147b09d09ff8ae6cff9bdc11"}
,"/home/jay/Current_Projects/react-native-boilerplate/app/sagas/userSagas.js": {"path":"/home/jay/Current_Projects/react-native-boilerplate/app/sagas/userSagas.js","statementMap":{"0":{"start":{"line":6,"column":19},"end":{"line":6,"column":94}},"1":{"start":{"line":8,"column":2},"end":{"line":18,"column":3}},"2":{"start":{"line":9,"column":37},"end":{"line":9,"column":45}},"3":{"start":{"line":10,"column":65},"end":{"line":10,"column":73}},"4":{"start":{"line":11,"column":21},"end":{"line":11,"column":124}},"5":{"start":{"line":13,"column":4},"end":{"line":13,"column":50}},"6":{"start":{"line":15,"column":30},"end":{"line":15,"column":50}},"7":{"start":{"line":17,"column":4},"end":{"line":17,"column":64}},"8":{"start":{"line":22,"column":19},"end":{"line":22,"column":62}},"9":{"start":{"line":24,"column":2},"end":{"line":35,"column":3}},"10":{"start":{"line":25,"column":37},"end":{"line":25,"column":45}},"11":{"start":{"line":26,"column":65},"end":{"line":26,"column":73}},"12":{"start":{"line":27,"column":21},"end":{"line":27,"column":124}},"13":{"start":{"line":29,"column":4},"end":{"line":29,"column":51}},"14":{"start":{"line":31,"column":23},"end":{"line":31,"column":36}},"15":{"start":{"line":32,"column":25},"end":{"line":32,"column":42}},"16":{"start":{"line":34,"column":4},"end":{"line":34,"column":52}},"17":{"start":{"line":39,"column":19},"end":{"line":39,"column":46}},"18":{"start":{"line":41,"column":2},"end":{"line":43,"column":3}},"19":{"start":{"line":42,"column":4},"end":{"line":42,"column":43}}},"fnMap":{"0":{"name":"createUserRequest","decl":{"start":{"line":5,"column":17},"end":{"line":5,"column":34}},"loc":{"start":{"line":5,"column":94},"end":{"line":19,"column":1}},"line":5},"1":{"name":"signInUserRequest","decl":{"start":{"line":21,"column":17},"end":{"line":21,"column":34}},"loc":{"start":{"line":21,"column":62},"end":{"line":36,"column":1}},"line":21},"2":{"name":"signOutUserRequest","decl":{"start":{"line":38,"column":17},"end":{"line":38,"column":35}},"loc":{"start":{"line":38,"column":42},"end":{"line":44,"column":1}},"line":38}},"branchMap":{"0":{"loc":{"start":{"line":8,"column":2},"end":{"line":18,"column":3}},"type":"if","locations":[{"start":{"line":8,"column":2},"end":{"line":18,"column":3}},{"start":{"line":8,"column":2},"end":{"line":18,"column":3}}],"line":8},"1":{"loc":{"start":{"line":24,"column":2},"end":{"line":35,"column":3}},"type":"if","locations":[{"start":{"line":24,"column":2},"end":{"line":35,"column":3}},{"start":{"line":24,"column":2},"end":{"line":35,"column":3}}],"line":24},"2":{"loc":{"start":{"line":41,"column":2},"end":{"line":43,"column":3}},"type":"if","locations":[{"start":{"line":41,"column":2},"end":{"line":43,"column":3}},{"start":{"line":41,"column":2},"end":{"line":43,"column":3}}],"line":41}},"s":{"0":2,"1":2,"2":1,"3":1,"4":1,"5":1,"6":1,"7":1,"8":2,"9":2,"10":1,"11":1,"12":1,"13":1,"14":1,"15":1,"16":1,"17":1,"18":1,"19":1},"f":{"0":2,"1":2,"2":1},"b":{"0":[1,1],"1":[1,1],"2":[1,0]},"_coverageSchema":"332fd63041d2c1bcb487cc26dd0d5f7d97098a6c","hash":"f55690e02dbecee5a700ab505a46bc6b51dcc751"}
}
