{"/home/jay/Current_Projects/react-native-boilerplate/app/reducers/user.js": {"path":"/home/jay/Current_Projects/react-native-boilerplate/app/reducers/user.js","statementMap":{"0":{"start":{"line":4,"column":28},"end":{"line":11,"column":2}},"1":{"start":{"line":16,"column":29},"end":{"line":20,"column":2}},"2":{"start":{"line":22,"column":31},"end":{"line":23,"column":2}},"3":{"start":{"line":22,"column":37},"end":{"line":23,"column":2}},"4":{"start":{"line":25,"column":33},"end":{"line":25,"column":94}},"5":{"start":{"line":25,"column":44},"end":{"line":25,"column":94}},"6":{"start":{"line":26,"column":33},"end":{"line":27,"column":63}},"7":{"start":{"line":27,"column":2},"end":{"line":27,"column":63}},"8":{"start":{"line":28,"column":31},"end":{"line":31,"column":2}},"9":{"start":{"line":28,"column":60},"end":{"line":31,"column":2}},"10":{"start":{"line":33,"column":33},"end":{"line":33,"column":94}},"11":{"start":{"line":33,"column":44},"end":{"line":33,"column":94}},"12":{"start":{"line":34,"column":33},"end":{"line":35,"column":63}},"13":{"start":{"line":35,"column":2},"end":{"line":35,"column":63}},"14":{"start":{"line":36,"column":31},"end":{"line":39,"column":2}},"15":{"start":{"line":36,"column":60},"end":{"line":39,"column":2}},"16":{"start":{"line":41,"column":23},"end":{"line":48,"column":2}}},"fnMap":{"0":{"name":"(anonymous_0)","decl":{"start":{"line":22,"column":31},"end":{"line":22,"column":32}},"loc":{"start":{"line":22,"column":37},"end":{"line":23,"column":2}},"line":22},"1":{"name":"(anonymous_1)","decl":{"start":{"line":25,"column":33},"end":{"line":25,"column":34}},"loc":{"start":{"line":25,"column":44},"end":{"line":25,"column":94}},"line":25},"2":{"name":"(anonymous_2)","decl":{"start":{"line":26,"column":33},"end":{"line":26,"column":34}},"loc":{"start":{"line":27,"column":2},"end":{"line":27,"column":63}},"line":27},"3":{"name":"(anonymous_3)","decl":{"start":{"line":28,"column":31},"end":{"line":28,"column":32}},"loc":{"start":{"line":28,"column":60},"end":{"line":31,"column":2}},"line":28},"4":{"name":"(anonymous_4)","decl":{"start":{"line":33,"column":33},"end":{"line":33,"column":34}},"loc":{"start":{"line":33,"column":44},"end":{"line":33,"column":94}},"line":33},"5":{"name":"(anonymous_5)","decl":{"start":{"line":34,"column":33},"end":{"line":34,"column":34}},"loc":{"start":{"line":35,"column":2},"end":{"line":35,"column":63}},"line":35},"6":{"name":"(anonymous_6)","decl":{"start":{"line":36,"column":31},"end":{"line":36,"column":32}},"loc":{"start":{"line":36,"column":60},"end":{"line":39,"column":2}},"line":36}},"branchMap":{},"s":{"0":2,"1":2,"2":2,"3":0,"4":2,"5":1,"6":2,"7":1,"8":2,"9":1,"10":2,"11":1,"12":2,"13":1,"14":2,"15":1,"16":2},"f":{"0":0,"1":1,"2":1,"3":1,"4":1,"5":1,"6":1},"b":{},"_coverageSchema":"332fd63041d2c1bcb487cc26dd0d5f7d97098a6c","hash":"240a6a4b8e4db41013ce0bcb22bfa67fe3fd7935"}
,"/home/jay/Current_Projects/react-native-boilerplate/app/sagas/userSagas.js": {"path":"/home/jay/Current_Projects/react-native-boilerplate/app/sagas/userSagas.js","statementMap":{"0":{"start":{"line":5,"column":19},"end":{"line":5,"column":94}},"1":{"start":{"line":7,"column":2},"end":{"line":17,"column":3}},"2":{"start":{"line":8,"column":37},"end":{"line":8,"column":45}},"3":{"start":{"line":9,"column":65},"end":{"line":9,"column":73}},"4":{"start":{"line":10,"column":21},"end":{"line":10,"column":124}},"5":{"start":{"line":12,"column":4},"end":{"line":12,"column":50}},"6":{"start":{"line":14,"column":30},"end":{"line":14,"column":50}},"7":{"start":{"line":16,"column":4},"end":{"line":16,"column":64}},"8":{"start":{"line":21,"column":19},"end":{"line":21,"column":62}},"9":{"start":{"line":23,"column":2},"end":{"line":34,"column":3}},"10":{"start":{"line":24,"column":37},"end":{"line":24,"column":45}},"11":{"start":{"line":25,"column":65},"end":{"line":25,"column":73}},"12":{"start":{"line":26,"column":21},"end":{"line":26,"column":124}},"13":{"start":{"line":28,"column":4},"end":{"line":28,"column":51}},"14":{"start":{"line":30,"column":23},"end":{"line":30,"column":36}},"15":{"start":{"line":31,"column":25},"end":{"line":31,"column":42}},"16":{"start":{"line":33,"column":4},"end":{"line":33,"column":52}}},"fnMap":{"0":{"name":"createUserRequest","decl":{"start":{"line":4,"column":17},"end":{"line":4,"column":34}},"loc":{"start":{"line":4,"column":94},"end":{"line":18,"column":1}},"line":4},"1":{"name":"signInUserRequest","decl":{"start":{"line":20,"column":17},"end":{"line":20,"column":34}},"loc":{"start":{"line":20,"column":62},"end":{"line":35,"column":1}},"line":20}},"branchMap":{"0":{"loc":{"start":{"line":7,"column":2},"end":{"line":17,"column":3}},"type":"if","locations":[{"start":{"line":7,"column":2},"end":{"line":17,"column":3}},{"start":{"line":7,"column":2},"end":{"line":17,"column":3}}],"line":7},"1":{"loc":{"start":{"line":23,"column":2},"end":{"line":34,"column":3}},"type":"if","locations":[{"start":{"line":23,"column":2},"end":{"line":34,"column":3}},{"start":{"line":23,"column":2},"end":{"line":34,"column":3}}],"line":23}},"s":{"0":2,"1":2,"2":1,"3":1,"4":1,"5":1,"6":1,"7":1,"8":2,"9":2,"10":1,"11":1,"12":1,"13":1,"14":1,"15":1,"16":1},"f":{"0":2,"1":2},"b":{"0":[1,1],"1":[1,1]},"_coverageSchema":"332fd63041d2c1bcb487cc26dd0d5f7d97098a6c","hash":"f65c4f974f3d55ed3edb6379e7292a7d4b5b61d2"}
}
