TN:
SF:/home/jay/Current_Projects/react-native-boilerplate/app/reducers/user.js
FN:24,(anonymous_0)
FN:27,(anonymous_1)
FN:28,(anonymous_2)
FN:30,(anonymous_3)
FN:35,(anonymous_4)
FN:36,(anonymous_5)
FN:38,(anonymous_6)
FN:43,(anonymous_7)
FN:44,(anonymous_8)
FNF:9
FNH:8
FNDA:0,(anonymous_0)
FNDA:1,(anonymous_1)
FNDA:1,(anonymous_2)
FNDA:1,(anonymous_3)
FNDA:1,(anonymous_4)
FNDA:1,(anonymous_5)
FNDA:1,(anonymous_6)
FNDA:1,(anonymous_7)
FNDA:1,(anonymous_8)
DA:4,2
DA:18,2
DA:24,2
DA:27,2
DA:28,2
DA:29,1
DA:30,2
DA:35,2
DA:36,2
DA:37,1
DA:38,2
DA:43,2
DA:44,2
DA:46,2
LF:14
LH:14
BRF:0
BRH:0
end_of_record
TN:
SF:/home/jay/Current_Projects/react-native-boilerplate/app/sagas/userSagas.js
FN:5,createUserRequest
FN:21,signInUserRequest
FN:38,signOutUserRequest
FNF:3
FNH:3
FNDA:2,createUserRequest
FNDA:2,signInUserRequest
FNDA:1,signOutUserRequest
DA:6,2
DA:8,2
DA:9,1
DA:10,1
DA:11,1
DA:13,1
DA:15,1
DA:17,1
DA:22,2
DA:24,2
DA:25,1
DA:26,1
DA:27,1
DA:29,1
DA:31,1
DA:32,1
DA:34,1
DA:39,1
DA:41,1
DA:42,1
LF:20
LH:20
BRDA:8,0,0,1
BRDA:8,0,1,1
BRDA:24,1,0,1
BRDA:24,1,1,1
BRDA:41,2,0,1
BRDA:41,2,1,0
BRF:6
BRH:5
end_of_record
