TN:
SF:/home/jay/Current_Projects/react-native-boilerplate/app/reducers/user.js
FN:22,(anonymous_0)
FN:25,(anonymous_1)
FN:26,(anonymous_2)
FN:28,(anonymous_3)
FN:33,(anonymous_4)
FN:34,(anonymous_5)
FN:36,(anonymous_6)
FNF:7
FNH:6
FNDA:0,(anonymous_0)
FNDA:1,(anonymous_1)
FNDA:1,(anonymous_2)
FNDA:1,(anonymous_3)
FNDA:1,(anonymous_4)
FNDA:1,(anonymous_5)
FNDA:1,(anonymous_6)
DA:4,2
DA:16,2
DA:22,2
DA:25,2
DA:26,2
DA:27,1
DA:28,2
DA:33,2
DA:34,2
DA:35,1
DA:36,2
DA:41,2
LF:12
LH:12
BRF:0
BRH:0
end_of_record
TN:
SF:/home/jay/Current_Projects/react-native-boilerplate/app/sagas/userSagas.js
FN:4,createUserRequest
FN:20,signInUserRequest
FNF:2
FNH:2
FNDA:2,createUserRequest
FNDA:2,signInUserRequest
DA:5,2
DA:7,2
DA:8,1
DA:9,1
DA:10,1
DA:12,1
DA:14,1
DA:16,1
DA:21,2
DA:23,2
DA:24,1
DA:25,1
DA:26,1
DA:28,1
DA:30,1
DA:31,1
DA:33,1
LF:17
LH:17
BRDA:7,0,0,1
BRDA:7,0,1,1
BRDA:23,1,0,1
BRDA:23,1,1,1
BRF:4
BRH:4
end_of_record
